[2025-09-04T09:53:21.360+0000] {manager.py:469} INFO - Processing files using up to 2 processes at a time 
[2025-09-04T09:53:21.360+0000] {manager.py:470} INFO - Process each file at most once every 30 seconds
[2025-09-04T09:53:21.361+0000] {manager.py:471} INFO - Checking for new files in /opt/airflow/dags every 300 seconds
[2025-09-04T09:53:21.361+0000] {manager.py:738} INFO - Searching for files in /opt/airflow/dags
[2025-09-04T09:53:21.363+0000] {manager.py:741} INFO - There are 2 files in /opt/airflow/dags
[2025-09-04T09:53:21.461+0000] {manager.py:879} INFO - 
================================================================================
DAG File Processing Stats

File Path                                               PID  Runtime      # DAGs    # Errors  Last Runtime    Last Run
----------------------------------------------------  -----  ---------  --------  ----------  --------------  ----------
/opt/airflow/dags/quantum_realtime_monitoring_dag.py    181  0.05s             0           0
/opt/airflow/dags/quantum_stock_analysis_dag.py         178  0.05s             0           0
================================================================================
[2025-09-04T09:53:51.780+0000] {manager.py:879} INFO - 
================================================================================
DAG File Processing Stats

File Path                                               PID  Runtime      # DAGs    # Errors  Last Runtime    Last Run
----------------------------------------------------  -----  ---------  --------  ----------  --------------  -------------------
/opt/airflow/dags/quantum_stock_analysis_dag.py                                1           0  0.31s           2025-09-04T09:53:41
/opt/airflow/dags/quantum_realtime_monitoring_dag.py    206  0.01s             0           1  0.04s           2025-09-04T09:53:44
================================================================================
[2025-09-04T09:54:19.340+0000] {manager.py:451} INFO - Exiting gracefully upon receiving signal 15
[2025-09-04T09:54:24.466+0000] {manager.py:469} INFO - Processing files using up to 2 processes at a time 
[2025-09-04T09:54:24.467+0000] {manager.py:470} INFO - Process each file at most once every 30 seconds
[2025-09-04T09:54:24.467+0000] {manager.py:471} INFO - Checking for new files in /opt/airflow/dags every 300 seconds
[2025-09-04T09:54:24.467+0000] {manager.py:738} INFO - Searching for files in /opt/airflow/dags
[2025-09-04T09:54:24.471+0000] {manager.py:741} INFO - There are 2 files in /opt/airflow/dags
[2025-09-04T09:54:24.534+0000] {manager.py:879} INFO - 
================================================================================
DAG File Processing Stats

File Path                                               PID  Runtime      # DAGs    # Errors  Last Runtime    Last Run
----------------------------------------------------  -----  ---------  --------  ----------  --------------  ----------
/opt/airflow/dags/quantum_realtime_monitoring_dag.py    168  0.04s             0           0
/opt/airflow/dags/quantum_stock_analysis_dag.py         172  0.03s             0           0
================================================================================
[2025-09-04T09:54:54.737+0000] {manager.py:879} INFO - 
================================================================================
DAG File Processing Stats

File Path                                               PID  Runtime      # DAGs    # Errors  Last Runtime    Last Run
----------------------------------------------------  -----  ---------  --------  ----------  --------------  -------------------
/opt/airflow/dags/quantum_realtime_monitoring_dag.py    187  0.01s             1           0  0.10s           2025-09-04T09:54:24
/opt/airflow/dags/quantum_stock_analysis_dag.py         190  0.00s             1           0  0.09s           2025-09-04T09:54:24
================================================================================
[2025-09-04T09:55:25.040+0000] {manager.py:879} INFO - 
================================================================================
DAG File Processing Stats

File Path                                               PID  Runtime      # DAGs    # Errors  Last Runtime    Last Run
----------------------------------------------------  -----  ---------  --------  ----------  --------------  -------------------
/opt/airflow/dags/quantum_realtime_monitoring_dag.py    205  0.02s             1           0  0.09s           2025-09-04T09:54:54
/opt/airflow/dags/quantum_stock_analysis_dag.py         208  0.00s             1           0  0.08s           2025-09-04T09:54:54
================================================================================
[2025-09-04T09:55:55.327+0000] {manager.py:879} INFO - 
================================================================================
DAG File Processing Stats

File Path                                               PID  Runtime      # DAGs    # Errors  Last Runtime    Last Run
----------------------------------------------------  -----  ---------  --------  ----------  --------------  -------------------
/opt/airflow/dags/quantum_realtime_monitoring_dag.py    223  0.02s             1           0  0.13s           2025-09-04T09:55:25
/opt/airflow/dags/quantum_stock_analysis_dag.py         226  0.00s             1           0  0.12s           2025-09-04T09:55:25
================================================================================
[2025-09-04T09:56:25.699+0000] {manager.py:879} INFO - 
================================================================================
DAG File Processing Stats

File Path                                               PID  Runtime      # DAGs    # Errors  Last Runtime    Last Run
----------------------------------------------------  -----  ---------  --------  ----------  --------------  -------------------
/opt/airflow/dags/quantum_realtime_monitoring_dag.py    241  0.01s             1           0  0.11s           2025-09-04T09:55:55
/opt/airflow/dags/quantum_stock_analysis_dag.py         244  0.00s             1           0  0.09s           2025-09-04T09:55:55
================================================================================
[2025-09-04T09:56:55.979+0000] {manager.py:879} INFO - 
================================================================================
DAG File Processing Stats

File Path                                               PID  Runtime      # DAGs    # Errors  Last Runtime    Last Run
----------------------------------------------------  -----  ---------  --------  ----------  --------------  -------------------
/opt/airflow/dags/quantum_realtime_monitoring_dag.py    259  0.01s             1           0  0.09s           2025-09-04T09:56:25
/opt/airflow/dags/quantum_stock_analysis_dag.py         262  0.00s             1           0  0.08s           2025-09-04T09:56:25
================================================================================
[2025-09-04T09:57:26.392+0000] {manager.py:879} INFO - 
================================================================================
DAG File Processing Stats

File Path                                               PID  Runtime      # DAGs    # Errors  Last Runtime    Last Run
----------------------------------------------------  -----  ---------  --------  ----------  --------------  -------------------
/opt/airflow/dags/quantum_realtime_monitoring_dag.py    277  0.01s             1           0  0.10s           2025-09-04T09:56:56
/opt/airflow/dags/quantum_stock_analysis_dag.py         280  0.00s             1           0  0.09s           2025-09-04T09:56:56
================================================================================
[2025-09-04T09:57:56.813+0000] {manager.py:879} INFO - 
================================================================================
DAG File Processing Stats

File Path                                               PID  Runtime      # DAGs    # Errors  Last Runtime    Last Run
----------------------------------------------------  -----  ---------  --------  ----------  --------------  -------------------
/opt/airflow/dags/quantum_realtime_monitoring_dag.py    295  0.03s             1           0  0.16s           2025-09-04T09:57:26
/opt/airflow/dags/quantum_stock_analysis_dag.py         298  0.01s             1           0  0.14s           2025-09-04T09:57:26
================================================================================
[2025-09-04T09:58:27.096+0000] {manager.py:879} INFO - 
================================================================================
DAG File Processing Stats

File Path                                               PID  Runtime      # DAGs    # Errors  Last Runtime    Last Run
----------------------------------------------------  -----  ---------  --------  ----------  --------------  -------------------
/opt/airflow/dags/quantum_realtime_monitoring_dag.py    313  0.01s             1           0  0.16s           2025-09-04T09:57:56
/opt/airflow/dags/quantum_stock_analysis_dag.py         316  0.00s             1           0  0.14s           2025-09-04T09:57:56
================================================================================
[2025-09-04T09:58:57.473+0000] {manager.py:879} INFO - 
================================================================================
DAG File Processing Stats

File Path                                               PID  Runtime      # DAGs    # Errors  Last Runtime    Last Run
----------------------------------------------------  -----  ---------  --------  ----------  --------------  -------------------
/opt/airflow/dags/quantum_realtime_monitoring_dag.py    331  0.02s             1           0  0.14s           2025-09-04T09:58:27
/opt/airflow/dags/quantum_stock_analysis_dag.py         334  0.00s             1           0  0.13s           2025-09-04T09:58:27
================================================================================
[2025-09-04T09:59:24.818+0000] {manager.py:738} INFO - Searching for files in /opt/airflow/dags
[2025-09-04T09:59:24.822+0000] {manager.py:741} INFO - There are 2 files in /opt/airflow/dags
[2025-09-04T09:59:27.862+0000] {manager.py:879} INFO - 
================================================================================
DAG File Processing Stats

File Path                                               PID  Runtime      # DAGs    # Errors  Last Runtime    Last Run
----------------------------------------------------  -----  ---------  --------  ----------  --------------  -------------------
/opt/airflow/dags/quantum_realtime_monitoring_dag.py    354  0.01s             1           0  0.16s           2025-09-04T09:58:57
/opt/airflow/dags/quantum_stock_analysis_dag.py                                1           0  0.07s           2025-09-04T09:59:14
================================================================================
[2025-09-04T09:59:58.173+0000] {manager.py:879} INFO - 
================================================================================
DAG File Processing Stats

File Path                                               PID  Runtime      # DAGs    # Errors  Last Runtime    Last Run
----------------------------------------------------  -----  ---------  --------  ----------  --------------  -------------------
/opt/airflow/dags/quantum_stock_analysis_dag.py                                1           0  0.12s           2025-09-04T09:59:45
/opt/airflow/dags/quantum_realtime_monitoring_dag.py    372  0.00s             1           0  0.09s           2025-09-04T09:59:27
================================================================================
[2025-09-04T10:00:28.490+0000] {manager.py:879} INFO - 
================================================================================
DAG File Processing Stats

File Path                                               PID  Runtime      # DAGs    # Errors  Last Runtime    Last Run
----------------------------------------------------  -----  ---------  --------  ----------  --------------  -------------------
/opt/airflow/dags/quantum_realtime_monitoring_dag.py    392  0.00s             1           0  0.07s           2025-09-04T09:59:58
/opt/airflow/dags/quantum_stock_analysis_dag.py                                1           0  0.07s           2025-09-04T10:00:15
================================================================================
[2025-09-04T10:00:58.770+0000] {manager.py:879} INFO - 
================================================================================
DAG File Processing Stats

File Path                                               PID  Runtime      # DAGs    # Errors  Last Runtime    Last Run
----------------------------------------------------  -----  ---------  --------  ----------  --------------  -------------------
/opt/airflow/dags/quantum_realtime_monitoring_dag.py    410  0.00s             1           0  0.08s           2025-09-04T10:00:28
/opt/airflow/dags/quantum_stock_analysis_dag.py                                1           0  0.07s           2025-09-04T10:00:45
================================================================================
[2025-09-04T10:01:29.093+0000] {manager.py:879} INFO - 
================================================================================
DAG File Processing Stats

File Path                                               PID  Runtime      # DAGs    # Errors  Last Runtime    Last Run
----------------------------------------------------  -----  ---------  --------  ----------  --------------  -------------------
/opt/airflow/dags/quantum_realtime_monitoring_dag.py    428  0.00s             1           0  0.07s           2025-09-04T10:00:58
/opt/airflow/dags/quantum_stock_analysis_dag.py                                1           0  0.06s           2025-09-04T10:01:16
================================================================================
[2025-09-04T10:01:59.412+0000] {manager.py:879} INFO - 
================================================================================
DAG File Processing Stats

File Path                                               PID  Runtime      # DAGs    # Errors  Last Runtime    Last Run
----------------------------------------------------  -----  ---------  --------  ----------  --------------  -------------------
/opt/airflow/dags/quantum_stock_analysis_dag.py                                1           0  0.08s           2025-09-04T10:01:46
/opt/airflow/dags/quantum_realtime_monitoring_dag.py    446  0.00s             1           0  0.08s           2025-09-04T10:01:29
================================================================================
[2025-09-04T10:02:29.669+0000] {manager.py:879} INFO - 
================================================================================
DAG File Processing Stats

File Path                                               PID  Runtime      # DAGs    # Errors  Last Runtime    Last Run
----------------------------------------------------  -----  ---------  --------  ----------  --------------  -------------------
/opt/airflow/dags/quantum_stock_analysis_dag.py                                1           0  0.09s           2025-09-04T10:02:16
/opt/airflow/dags/quantum_realtime_monitoring_dag.py    464  0.00s             1           0  0.08s           2025-09-04T10:01:59
================================================================================
[2025-09-04T10:02:59.943+0000] {manager.py:879} INFO - 
================================================================================
DAG File Processing Stats

File Path                                               PID  Runtime      # DAGs    # Errors  Last Runtime    Last Run
----------------------------------------------------  -----  ---------  --------  ----------  --------------  -------------------
/opt/airflow/dags/quantum_realtime_monitoring_dag.py    482  0.00s             1           0  0.08s           2025-09-04T10:02:29
/opt/airflow/dags/quantum_stock_analysis_dag.py                                1           0  0.07s           2025-09-04T10:02:46
================================================================================
[2025-09-04T10:03:30.216+0000] {manager.py:879} INFO - 
================================================================================
DAG File Processing Stats

File Path                                               PID  Runtime      # DAGs    # Errors  Last Runtime    Last Run
----------------------------------------------------  -----  ---------  --------  ----------  --------------  -------------------
/opt/airflow/dags/quantum_stock_analysis_dag.py                                1           0  0.07s           2025-09-04T10:03:17
/opt/airflow/dags/quantum_realtime_monitoring_dag.py    500  0.00s             1           0  0.06s           2025-09-04T10:03:00
================================================================================
[2025-09-04T10:04:00.496+0000] {manager.py:879} INFO - 
================================================================================
DAG File Processing Stats

File Path                                               PID  Runtime      # DAGs    # Errors  Last Runtime    Last Run
----------------------------------------------------  -----  ---------  --------  ----------  --------------  -------------------
/opt/airflow/dags/quantum_realtime_monitoring_dag.py    518  0.00s             1           0  0.07s           2025-09-04T10:03:30
/opt/airflow/dags/quantum_stock_analysis_dag.py                                1           0  0.06s           2025-09-04T10:03:47
================================================================================
[2025-09-04T10:04:25.756+0000] {manager.py:738} INFO - Searching for files in /opt/airflow/dags
[2025-09-04T10:04:25.761+0000] {manager.py:741} INFO - There are 2 files in /opt/airflow/dags
[2025-09-04T10:04:30.810+0000] {manager.py:879} INFO - 
================================================================================
DAG File Processing Stats

File Path                                               PID  Runtime      # DAGs    # Errors  Last Runtime    Last Run
----------------------------------------------------  -----  ---------  --------  ----------  --------------  -------------------
/opt/airflow/dags/quantum_realtime_monitoring_dag.py    536  0.00s             1           0  0.10s           2025-09-04T10:04:00
/opt/airflow/dags/quantum_stock_analysis_dag.py                                1           0  0.07s           2025-09-04T10:04:17
================================================================================
[2025-09-04T10:05:01.088+0000] {manager.py:879} INFO - 
================================================================================
DAG File Processing Stats

File Path                                               PID  Runtime      # DAGs    # Errors  Last Runtime    Last Run
----------------------------------------------------  -----  ---------  --------  ----------  --------------  -------------------
/opt/airflow/dags/quantum_realtime_monitoring_dag.py    554  0.00s             1           0  0.09s           2025-09-04T10:04:30
/opt/airflow/dags/quantum_stock_analysis_dag.py                                1           0  0.07s           2025-09-04T10:04:48
================================================================================
