[2025-09-04T09:53:21.425+0000] {processor.py:161} INFO - Started process (PID=181) to work on /opt/airflow/dags/quantum_realtime_monitoring_dag.py
[2025-09-04T09:53:21.427+0000] {processor.py:830} INFO - Processing file /opt/airflow/dags/quantum_realtime_monitoring_dag.py for tasks to queue
[2025-09-04T09:53:21.427+0000] {logging_mixin.py:188} INFO - [2025-09-04T09:53:21.427+0000] {dagbag.py:540} INFO - Filling up the DagBag from /opt/airflow/dags/quantum_realtime_monitoring_dag.py
[2025-09-04T09:53:21.448+0000] {logging_mixin.py:188} INFO - [2025-09-04T09:53:21.442+0000] {dagbag.py:350} ERROR - Failed to import: /opt/airflow/dags/quantum_realtime_monitoring_dag.py
Traceback (most recent call last):
  File "/home/airflow/.local/lib/python3.8/site-packages/airflow/models/dagbag.py", line 346, in parse
    loader.exec_module(new_module)
  File "<frozen importlib._bootstrap_external>", line 843, in exec_module
  File "<frozen importlib._bootstrap>", line 219, in _call_with_frames_removed
  File "/opt/airflow/dags/quantum_realtime_monitoring_dag.py", line 12, in <module>
    from airflow.operators.http import SimpleHttpOperator
ModuleNotFoundError: No module named 'airflow.operators.http'
[2025-09-04T09:53:21.453+0000] {processor.py:842} WARNING - No viable dags retrieved from /opt/airflow/dags/quantum_realtime_monitoring_dag.py
[2025-09-04T09:53:21.484+0000] {processor.py:183} INFO - Processing /opt/airflow/dags/quantum_realtime_monitoring_dag.py took 0.062 seconds
[2025-09-04T09:53:44.725+0000] {processor.py:161} INFO - Started process (PID=201) to work on /opt/airflow/dags/quantum_realtime_monitoring_dag.py
[2025-09-04T09:53:44.726+0000] {processor.py:830} INFO - Processing file /opt/airflow/dags/quantum_realtime_monitoring_dag.py for tasks to queue
[2025-09-04T09:53:44.726+0000] {logging_mixin.py:188} INFO - [2025-09-04T09:53:44.726+0000] {dagbag.py:540} INFO - Filling up the DagBag from /opt/airflow/dags/quantum_realtime_monitoring_dag.py
[2025-09-04T09:53:44.737+0000] {logging_mixin.py:188} INFO - [2025-09-04T09:53:44.736+0000] {dagbag.py:350} ERROR - Failed to import: /opt/airflow/dags/quantum_realtime_monitoring_dag.py
Traceback (most recent call last):
  File "/home/airflow/.local/lib/python3.8/site-packages/airflow/models/dagbag.py", line 346, in parse
    loader.exec_module(new_module)
  File "<frozen importlib._bootstrap_external>", line 843, in exec_module
  File "<frozen importlib._bootstrap>", line 219, in _call_with_frames_removed
  File "/opt/airflow/dags/quantum_realtime_monitoring_dag.py", line 167, in <module>
    notify_websocket = SimpleHttpOperator(
NameError: name 'SimpleHttpOperator' is not defined
[2025-09-04T09:53:44.737+0000] {processor.py:842} WARNING - No viable dags retrieved from /opt/airflow/dags/quantum_realtime_monitoring_dag.py
[2025-09-04T09:53:44.753+0000] {processor.py:183} INFO - Processing /opt/airflow/dags/quantum_realtime_monitoring_dag.py took 0.031 seconds
[2025-09-04T09:53:51.792+0000] {processor.py:161} INFO - Started process (PID=206) to work on /opt/airflow/dags/quantum_realtime_monitoring_dag.py
[2025-09-04T09:53:51.793+0000] {processor.py:830} INFO - Processing file /opt/airflow/dags/quantum_realtime_monitoring_dag.py for tasks to queue
[2025-09-04T09:53:51.794+0000] {logging_mixin.py:188} INFO - [2025-09-04T09:53:51.793+0000] {dagbag.py:540} INFO - Filling up the DagBag from /opt/airflow/dags/quantum_realtime_monitoring_dag.py
[2025-09-04T09:53:51.805+0000] {processor.py:840} INFO - DAG(s) 'quantum_realtime_monitoring' retrieved from /opt/airflow/dags/quantum_realtime_monitoring_dag.py
[2025-09-04T09:53:51.899+0000] {logging_mixin.py:188} INFO - [2025-09-04T09:53:51.899+0000] {override.py:1769} INFO - Created Permission View: can edit on DAG:quantum_realtime_monitoring
[2025-09-04T09:53:51.905+0000] {logging_mixin.py:188} INFO - [2025-09-04T09:53:51.905+0000] {override.py:1769} INFO - Created Permission View: can delete on DAG:quantum_realtime_monitoring
[2025-09-04T09:53:51.909+0000] {logging_mixin.py:188} INFO - [2025-09-04T09:53:51.909+0000] {override.py:1769} INFO - Created Permission View: can read on DAG:quantum_realtime_monitoring
[2025-09-04T09:53:51.909+0000] {logging_mixin.py:188} INFO - [2025-09-04T09:53:51.909+0000] {dag.py:3047} INFO - Sync 1 DAGs
[2025-09-04T09:53:51.915+0000] {logging_mixin.py:188} INFO - [2025-09-04T09:53:51.915+0000] {dag.py:3069} INFO - Creating ORM DAG for quantum_realtime_monitoring
[2025-09-04T09:53:51.923+0000] {logging_mixin.py:188} INFO - [2025-09-04T09:53:51.923+0000] {dag.py:3834} INFO - Setting next_dagrun for quantum_realtime_monitoring to 2025-09-04 09:00:00+00:00, run_after=2025-09-04 09:30:00+00:00
[2025-09-04T09:53:51.934+0000] {processor.py:183} INFO - Processing /opt/airflow/dags/quantum_realtime_monitoring_dag.py took 0.146 seconds
[2025-09-04T09:54:24.513+0000] {processor.py:161} INFO - Started process (PID=168) to work on /opt/airflow/dags/quantum_realtime_monitoring_dag.py
[2025-09-04T09:54:24.515+0000] {processor.py:830} INFO - Processing file /opt/airflow/dags/quantum_realtime_monitoring_dag.py for tasks to queue
[2025-09-04T09:54:24.517+0000] {logging_mixin.py:188} INFO - [2025-09-04T09:54:24.517+0000] {dagbag.py:540} INFO - Filling up the DagBag from /opt/airflow/dags/quantum_realtime_monitoring_dag.py
[2025-09-04T09:54:24.538+0000] {processor.py:840} INFO - DAG(s) 'quantum_realtime_monitoring' retrieved from /opt/airflow/dags/quantum_realtime_monitoring_dag.py
[2025-09-04T09:54:24.564+0000] {logging_mixin.py:188} INFO - [2025-09-04T09:54:24.564+0000] {dag.py:3047} INFO - Sync 1 DAGs
[2025-09-04T09:54:24.579+0000] {logging_mixin.py:188} INFO - [2025-09-04T09:54:24.579+0000] {dag.py:3834} INFO - Setting next_dagrun for quantum_realtime_monitoring to 2025-09-04 09:00:00+00:00, run_after=2025-09-04 09:30:00+00:00
[2025-09-04T09:54:24.592+0000] {processor.py:183} INFO - Processing /opt/airflow/dags/quantum_realtime_monitoring_dag.py took 0.088 seconds
[2025-09-04T09:54:54.742+0000] {processor.py:161} INFO - Started process (PID=187) to work on /opt/airflow/dags/quantum_realtime_monitoring_dag.py
[2025-09-04T09:54:54.742+0000] {processor.py:830} INFO - Processing file /opt/airflow/dags/quantum_realtime_monitoring_dag.py for tasks to queue
[2025-09-04T09:54:54.743+0000] {logging_mixin.py:188} INFO - [2025-09-04T09:54:54.743+0000] {dagbag.py:540} INFO - Filling up the DagBag from /opt/airflow/dags/quantum_realtime_monitoring_dag.py
[2025-09-04T09:54:54.754+0000] {processor.py:840} INFO - DAG(s) 'quantum_realtime_monitoring' retrieved from /opt/airflow/dags/quantum_realtime_monitoring_dag.py
[2025-09-04T09:54:54.778+0000] {logging_mixin.py:188} INFO - [2025-09-04T09:54:54.778+0000] {dag.py:3047} INFO - Sync 1 DAGs
[2025-09-04T09:54:54.793+0000] {logging_mixin.py:188} INFO - [2025-09-04T09:54:54.793+0000] {dag.py:3834} INFO - Setting next_dagrun for quantum_realtime_monitoring to 2025-09-04 09:00:00+00:00, run_after=2025-09-04 09:30:00+00:00
[2025-09-04T09:54:54.810+0000] {processor.py:183} INFO - Processing /opt/airflow/dags/quantum_realtime_monitoring_dag.py took 0.071 seconds
[2025-09-04T09:55:25.049+0000] {processor.py:161} INFO - Started process (PID=205) to work on /opt/airflow/dags/quantum_realtime_monitoring_dag.py
[2025-09-04T09:55:25.050+0000] {processor.py:830} INFO - Processing file /opt/airflow/dags/quantum_realtime_monitoring_dag.py for tasks to queue
[2025-09-04T09:55:25.051+0000] {logging_mixin.py:188} INFO - [2025-09-04T09:55:25.051+0000] {dagbag.py:540} INFO - Filling up the DagBag from /opt/airflow/dags/quantum_realtime_monitoring_dag.py
[2025-09-04T09:55:25.070+0000] {processor.py:840} INFO - DAG(s) 'quantum_realtime_monitoring' retrieved from /opt/airflow/dags/quantum_realtime_monitoring_dag.py
[2025-09-04T09:55:25.106+0000] {logging_mixin.py:188} INFO - [2025-09-04T09:55:25.106+0000] {dag.py:3047} INFO - Sync 1 DAGs
[2025-09-04T09:55:25.130+0000] {logging_mixin.py:188} INFO - [2025-09-04T09:55:25.130+0000] {dag.py:3834} INFO - Setting next_dagrun for quantum_realtime_monitoring to 2025-09-04 09:00:00+00:00, run_after=2025-09-04 09:30:00+00:00
[2025-09-04T09:55:25.148+0000] {processor.py:183} INFO - Processing /opt/airflow/dags/quantum_realtime_monitoring_dag.py took 0.107 seconds
[2025-09-04T09:55:55.327+0000] {processor.py:161} INFO - Started process (PID=223) to work on /opt/airflow/dags/quantum_realtime_monitoring_dag.py
[2025-09-04T09:55:55.329+0000] {processor.py:830} INFO - Processing file /opt/airflow/dags/quantum_realtime_monitoring_dag.py for tasks to queue
[2025-09-04T09:55:55.330+0000] {logging_mixin.py:188} INFO - [2025-09-04T09:55:55.330+0000] {dagbag.py:540} INFO - Filling up the DagBag from /opt/airflow/dags/quantum_realtime_monitoring_dag.py
[2025-09-04T09:55:55.346+0000] {processor.py:840} INFO - DAG(s) 'quantum_realtime_monitoring' retrieved from /opt/airflow/dags/quantum_realtime_monitoring_dag.py
[2025-09-04T09:55:55.375+0000] {logging_mixin.py:188} INFO - [2025-09-04T09:55:55.375+0000] {dag.py:3047} INFO - Sync 1 DAGs
[2025-09-04T09:55:55.395+0000] {logging_mixin.py:188} INFO - [2025-09-04T09:55:55.395+0000] {dag.py:3834} INFO - Setting next_dagrun for quantum_realtime_monitoring to 2025-09-04 09:00:00+00:00, run_after=2025-09-04 09:30:00+00:00
[2025-09-04T09:55:55.409+0000] {processor.py:183} INFO - Processing /opt/airflow/dags/quantum_realtime_monitoring_dag.py took 0.086 seconds
[2025-09-04T09:56:25.702+0000] {processor.py:161} INFO - Started process (PID=241) to work on /opt/airflow/dags/quantum_realtime_monitoring_dag.py
[2025-09-04T09:56:25.703+0000] {processor.py:830} INFO - Processing file /opt/airflow/dags/quantum_realtime_monitoring_dag.py for tasks to queue
[2025-09-04T09:56:25.704+0000] {logging_mixin.py:188} INFO - [2025-09-04T09:56:25.704+0000] {dagbag.py:540} INFO - Filling up the DagBag from /opt/airflow/dags/quantum_realtime_monitoring_dag.py
[2025-09-04T09:56:25.713+0000] {processor.py:840} INFO - DAG(s) 'quantum_realtime_monitoring' retrieved from /opt/airflow/dags/quantum_realtime_monitoring_dag.py
[2025-09-04T09:56:25.738+0000] {logging_mixin.py:188} INFO - [2025-09-04T09:56:25.738+0000] {dag.py:3047} INFO - Sync 1 DAGs
[2025-09-04T09:56:25.757+0000] {logging_mixin.py:188} INFO - [2025-09-04T09:56:25.757+0000] {dag.py:3834} INFO - Setting next_dagrun for quantum_realtime_monitoring to 2025-09-04 09:00:00+00:00, run_after=2025-09-04 09:30:00+00:00
[2025-09-04T09:56:25.772+0000] {processor.py:183} INFO - Processing /opt/airflow/dags/quantum_realtime_monitoring_dag.py took 0.074 seconds
[2025-09-04T09:56:55.985+0000] {processor.py:161} INFO - Started process (PID=259) to work on /opt/airflow/dags/quantum_realtime_monitoring_dag.py
[2025-09-04T09:56:55.986+0000] {processor.py:830} INFO - Processing file /opt/airflow/dags/quantum_realtime_monitoring_dag.py for tasks to queue
[2025-09-04T09:56:55.987+0000] {logging_mixin.py:188} INFO - [2025-09-04T09:56:55.987+0000] {dagbag.py:540} INFO - Filling up the DagBag from /opt/airflow/dags/quantum_realtime_monitoring_dag.py
[2025-09-04T09:56:56.002+0000] {processor.py:840} INFO - DAG(s) 'quantum_realtime_monitoring' retrieved from /opt/airflow/dags/quantum_realtime_monitoring_dag.py
[2025-09-04T09:56:56.029+0000] {logging_mixin.py:188} INFO - [2025-09-04T09:56:56.028+0000] {dag.py:3047} INFO - Sync 1 DAGs
[2025-09-04T09:56:56.047+0000] {logging_mixin.py:188} INFO - [2025-09-04T09:56:56.047+0000] {dag.py:3834} INFO - Setting next_dagrun for quantum_realtime_monitoring to 2025-09-04 09:00:00+00:00, run_after=2025-09-04 09:30:00+00:00
[2025-09-04T09:56:56.061+0000] {processor.py:183} INFO - Processing /opt/airflow/dags/quantum_realtime_monitoring_dag.py took 0.081 seconds
[2025-09-04T09:57:26.398+0000] {processor.py:161} INFO - Started process (PID=277) to work on /opt/airflow/dags/quantum_realtime_monitoring_dag.py
[2025-09-04T09:57:26.402+0000] {processor.py:830} INFO - Processing file /opt/airflow/dags/quantum_realtime_monitoring_dag.py for tasks to queue
[2025-09-04T09:57:26.408+0000] {logging_mixin.py:188} INFO - [2025-09-04T09:57:26.405+0000] {dagbag.py:540} INFO - Filling up the DagBag from /opt/airflow/dags/quantum_realtime_monitoring_dag.py
[2025-09-04T09:57:26.437+0000] {processor.py:840} INFO - DAG(s) 'quantum_realtime_monitoring' retrieved from /opt/airflow/dags/quantum_realtime_monitoring_dag.py
[2025-09-04T09:57:26.469+0000] {logging_mixin.py:188} INFO - [2025-09-04T09:57:26.469+0000] {dag.py:3047} INFO - Sync 1 DAGs
[2025-09-04T09:57:26.491+0000] {logging_mixin.py:188} INFO - [2025-09-04T09:57:26.490+0000] {dag.py:3834} INFO - Setting next_dagrun for quantum_realtime_monitoring to 2025-09-04 09:00:00+00:00, run_after=2025-09-04 09:30:00+00:00
[2025-09-04T09:57:26.523+0000] {processor.py:183} INFO - Processing /opt/airflow/dags/quantum_realtime_monitoring_dag.py took 0.134 seconds
[2025-09-04T09:57:56.818+0000] {processor.py:161} INFO - Started process (PID=295) to work on /opt/airflow/dags/quantum_realtime_monitoring_dag.py
[2025-09-04T09:57:56.819+0000] {processor.py:830} INFO - Processing file /opt/airflow/dags/quantum_realtime_monitoring_dag.py for tasks to queue
[2025-09-04T09:57:56.820+0000] {logging_mixin.py:188} INFO - [2025-09-04T09:57:56.820+0000] {dagbag.py:540} INFO - Filling up the DagBag from /opt/airflow/dags/quantum_realtime_monitoring_dag.py
[2025-09-04T09:57:56.841+0000] {processor.py:840} INFO - DAG(s) 'quantum_realtime_monitoring' retrieved from /opt/airflow/dags/quantum_realtime_monitoring_dag.py
[2025-09-04T09:57:56.885+0000] {logging_mixin.py:188} INFO - [2025-09-04T09:57:56.884+0000] {dag.py:3047} INFO - Sync 1 DAGs
[2025-09-04T09:57:56.913+0000] {logging_mixin.py:188} INFO - [2025-09-04T09:57:56.913+0000] {dag.py:3834} INFO - Setting next_dagrun for quantum_realtime_monitoring to 2025-09-04 09:00:00+00:00, run_after=2025-09-04 09:30:00+00:00
[2025-09-04T09:57:56.932+0000] {processor.py:183} INFO - Processing /opt/airflow/dags/quantum_realtime_monitoring_dag.py took 0.121 seconds
[2025-09-04T09:58:27.101+0000] {processor.py:161} INFO - Started process (PID=313) to work on /opt/airflow/dags/quantum_realtime_monitoring_dag.py
[2025-09-04T09:58:27.102+0000] {processor.py:830} INFO - Processing file /opt/airflow/dags/quantum_realtime_monitoring_dag.py for tasks to queue
[2025-09-04T09:58:27.103+0000] {logging_mixin.py:188} INFO - [2025-09-04T09:58:27.103+0000] {dagbag.py:540} INFO - Filling up the DagBag from /opt/airflow/dags/quantum_realtime_monitoring_dag.py
[2025-09-04T09:58:27.116+0000] {processor.py:840} INFO - DAG(s) 'quantum_realtime_monitoring' retrieved from /opt/airflow/dags/quantum_realtime_monitoring_dag.py
[2025-09-04T09:58:27.173+0000] {logging_mixin.py:188} INFO - [2025-09-04T09:58:27.173+0000] {dag.py:3047} INFO - Sync 1 DAGs
[2025-09-04T09:58:27.197+0000] {logging_mixin.py:188} INFO - [2025-09-04T09:58:27.197+0000] {dag.py:3834} INFO - Setting next_dagrun for quantum_realtime_monitoring to 2025-09-04 09:00:00+00:00, run_after=2025-09-04 09:30:00+00:00
[2025-09-04T09:58:27.214+0000] {processor.py:183} INFO - Processing /opt/airflow/dags/quantum_realtime_monitoring_dag.py took 0.118 seconds
[2025-09-04T09:58:57.480+0000] {processor.py:161} INFO - Started process (PID=331) to work on /opt/airflow/dags/quantum_realtime_monitoring_dag.py
[2025-09-04T09:58:57.484+0000] {processor.py:830} INFO - Processing file /opt/airflow/dags/quantum_realtime_monitoring_dag.py for tasks to queue
[2025-09-04T09:58:57.485+0000] {logging_mixin.py:188} INFO - [2025-09-04T09:58:57.484+0000] {dagbag.py:540} INFO - Filling up the DagBag from /opt/airflow/dags/quantum_realtime_monitoring_dag.py
[2025-09-04T09:58:57.510+0000] {processor.py:840} INFO - DAG(s) 'quantum_realtime_monitoring' retrieved from /opt/airflow/dags/quantum_realtime_monitoring_dag.py
[2025-09-04T09:58:57.560+0000] {logging_mixin.py:188} INFO - [2025-09-04T09:58:57.560+0000] {dag.py:3047} INFO - Sync 1 DAGs
[2025-09-04T09:58:57.585+0000] {logging_mixin.py:188} INFO - [2025-09-04T09:58:57.585+0000] {dag.py:3834} INFO - Setting next_dagrun for quantum_realtime_monitoring to 2025-09-04 09:00:00+00:00, run_after=2025-09-04 09:30:00+00:00
[2025-09-04T09:58:57.604+0000] {processor.py:183} INFO - Processing /opt/airflow/dags/quantum_realtime_monitoring_dag.py took 0.132 seconds
[2025-09-04T09:59:27.878+0000] {processor.py:161} INFO - Started process (PID=354) to work on /opt/airflow/dags/quantum_realtime_monitoring_dag.py
[2025-09-04T09:59:27.879+0000] {processor.py:830} INFO - Processing file /opt/airflow/dags/quantum_realtime_monitoring_dag.py for tasks to queue
[2025-09-04T09:59:27.880+0000] {logging_mixin.py:188} INFO - [2025-09-04T09:59:27.879+0000] {dagbag.py:540} INFO - Filling up the DagBag from /opt/airflow/dags/quantum_realtime_monitoring_dag.py
[2025-09-04T09:59:27.890+0000] {processor.py:840} INFO - DAG(s) 'quantum_realtime_monitoring' retrieved from /opt/airflow/dags/quantum_realtime_monitoring_dag.py
[2025-09-04T09:59:27.912+0000] {logging_mixin.py:188} INFO - [2025-09-04T09:59:27.912+0000] {dag.py:3047} INFO - Sync 1 DAGs
[2025-09-04T09:59:27.926+0000] {logging_mixin.py:188} INFO - [2025-09-04T09:59:27.926+0000] {dag.py:3834} INFO - Setting next_dagrun for quantum_realtime_monitoring to 2025-09-04 09:00:00+00:00, run_after=2025-09-04 09:30:00+00:00
[2025-09-04T09:59:27.937+0000] {processor.py:183} INFO - Processing /opt/airflow/dags/quantum_realtime_monitoring_dag.py took 0.066 seconds
[2025-09-04T09:59:58.177+0000] {processor.py:161} INFO - Started process (PID=372) to work on /opt/airflow/dags/quantum_realtime_monitoring_dag.py
[2025-09-04T09:59:58.178+0000] {processor.py:830} INFO - Processing file /opt/airflow/dags/quantum_realtime_monitoring_dag.py for tasks to queue
[2025-09-04T09:59:58.178+0000] {logging_mixin.py:188} INFO - [2025-09-04T09:59:58.178+0000] {dagbag.py:540} INFO - Filling up the DagBag from /opt/airflow/dags/quantum_realtime_monitoring_dag.py
[2025-09-04T09:59:58.186+0000] {processor.py:840} INFO - DAG(s) 'quantum_realtime_monitoring' retrieved from /opt/airflow/dags/quantum_realtime_monitoring_dag.py
[2025-09-04T09:59:58.205+0000] {logging_mixin.py:188} INFO - [2025-09-04T09:59:58.205+0000] {dag.py:3047} INFO - Sync 1 DAGs
[2025-09-04T09:59:58.221+0000] {logging_mixin.py:188} INFO - [2025-09-04T09:59:58.220+0000] {dag.py:3834} INFO - Setting next_dagrun for quantum_realtime_monitoring to 2025-09-04 09:00:00+00:00, run_after=2025-09-04 09:30:00+00:00
[2025-09-04T09:59:58.232+0000] {processor.py:183} INFO - Processing /opt/airflow/dags/quantum_realtime_monitoring_dag.py took 0.057 seconds
[2025-09-04T10:00:28.497+0000] {processor.py:161} INFO - Started process (PID=392) to work on /opt/airflow/dags/quantum_realtime_monitoring_dag.py
[2025-09-04T10:00:28.498+0000] {processor.py:830} INFO - Processing file /opt/airflow/dags/quantum_realtime_monitoring_dag.py for tasks to queue
[2025-09-04T10:00:28.498+0000] {logging_mixin.py:188} INFO - [2025-09-04T10:00:28.498+0000] {dagbag.py:540} INFO - Filling up the DagBag from /opt/airflow/dags/quantum_realtime_monitoring_dag.py
[2025-09-04T10:00:28.508+0000] {processor.py:840} INFO - DAG(s) 'quantum_realtime_monitoring' retrieved from /opt/airflow/dags/quantum_realtime_monitoring_dag.py
[2025-09-04T10:00:28.530+0000] {logging_mixin.py:188} INFO - [2025-09-04T10:00:28.529+0000] {dag.py:3047} INFO - Sync 1 DAGs
[2025-09-04T10:00:28.545+0000] {logging_mixin.py:188} INFO - [2025-09-04T10:00:28.545+0000] {dag.py:3834} INFO - Setting next_dagrun for quantum_realtime_monitoring to 2025-09-04 09:30:00+00:00, run_after=2025-09-04 10:00:00+00:00
[2025-09-04T10:00:28.558+0000] {processor.py:183} INFO - Processing /opt/airflow/dags/quantum_realtime_monitoring_dag.py took 0.064 seconds
[2025-09-04T10:00:58.775+0000] {processor.py:161} INFO - Started process (PID=410) to work on /opt/airflow/dags/quantum_realtime_monitoring_dag.py
[2025-09-04T10:00:58.776+0000] {processor.py:830} INFO - Processing file /opt/airflow/dags/quantum_realtime_monitoring_dag.py for tasks to queue
[2025-09-04T10:00:58.776+0000] {logging_mixin.py:188} INFO - [2025-09-04T10:00:58.776+0000] {dagbag.py:540} INFO - Filling up the DagBag from /opt/airflow/dags/quantum_realtime_monitoring_dag.py
[2025-09-04T10:00:58.784+0000] {processor.py:840} INFO - DAG(s) 'quantum_realtime_monitoring' retrieved from /opt/airflow/dags/quantum_realtime_monitoring_dag.py
[2025-09-04T10:00:58.802+0000] {logging_mixin.py:188} INFO - [2025-09-04T10:00:58.802+0000] {dag.py:3047} INFO - Sync 1 DAGs
[2025-09-04T10:00:58.818+0000] {logging_mixin.py:188} INFO - [2025-09-04T10:00:58.818+0000] {dag.py:3834} INFO - Setting next_dagrun for quantum_realtime_monitoring to 2025-09-04 09:30:00+00:00, run_after=2025-09-04 10:00:00+00:00
[2025-09-04T10:00:58.833+0000] {processor.py:183} INFO - Processing /opt/airflow/dags/quantum_realtime_monitoring_dag.py took 0.060 seconds
[2025-09-04T10:01:29.102+0000] {processor.py:161} INFO - Started process (PID=428) to work on /opt/airflow/dags/quantum_realtime_monitoring_dag.py
[2025-09-04T10:01:29.103+0000] {processor.py:830} INFO - Processing file /opt/airflow/dags/quantum_realtime_monitoring_dag.py for tasks to queue
[2025-09-04T10:01:29.103+0000] {logging_mixin.py:188} INFO - [2025-09-04T10:01:29.103+0000] {dagbag.py:540} INFO - Filling up the DagBag from /opt/airflow/dags/quantum_realtime_monitoring_dag.py
[2025-09-04T10:01:29.112+0000] {processor.py:840} INFO - DAG(s) 'quantum_realtime_monitoring' retrieved from /opt/airflow/dags/quantum_realtime_monitoring_dag.py
[2025-09-04T10:01:29.132+0000] {logging_mixin.py:188} INFO - [2025-09-04T10:01:29.132+0000] {dag.py:3047} INFO - Sync 1 DAGs
[2025-09-04T10:01:29.148+0000] {logging_mixin.py:188} INFO - [2025-09-04T10:01:29.148+0000] {dag.py:3834} INFO - Setting next_dagrun for quantum_realtime_monitoring to 2025-09-04 09:30:00+00:00, run_after=2025-09-04 10:00:00+00:00
[2025-09-04T10:01:29.160+0000] {processor.py:183} INFO - Processing /opt/airflow/dags/quantum_realtime_monitoring_dag.py took 0.061 seconds
[2025-09-04T10:01:59.420+0000] {processor.py:161} INFO - Started process (PID=446) to work on /opt/airflow/dags/quantum_realtime_monitoring_dag.py
[2025-09-04T10:01:59.420+0000] {processor.py:830} INFO - Processing file /opt/airflow/dags/quantum_realtime_monitoring_dag.py for tasks to queue
[2025-09-04T10:01:59.421+0000] {logging_mixin.py:188} INFO - [2025-09-04T10:01:59.421+0000] {dagbag.py:540} INFO - Filling up the DagBag from /opt/airflow/dags/quantum_realtime_monitoring_dag.py
[2025-09-04T10:01:59.431+0000] {processor.py:840} INFO - DAG(s) 'quantum_realtime_monitoring' retrieved from /opt/airflow/dags/quantum_realtime_monitoring_dag.py
[2025-09-04T10:01:59.451+0000] {logging_mixin.py:188} INFO - [2025-09-04T10:01:59.451+0000] {dag.py:3047} INFO - Sync 1 DAGs
[2025-09-04T10:01:59.466+0000] {logging_mixin.py:188} INFO - [2025-09-04T10:01:59.466+0000] {dag.py:3834} INFO - Setting next_dagrun for quantum_realtime_monitoring to 2025-09-04 09:30:00+00:00, run_after=2025-09-04 10:00:00+00:00
[2025-09-04T10:01:59.478+0000] {processor.py:183} INFO - Processing /opt/airflow/dags/quantum_realtime_monitoring_dag.py took 0.061 seconds
[2025-09-04T10:02:29.679+0000] {processor.py:161} INFO - Started process (PID=464) to work on /opt/airflow/dags/quantum_realtime_monitoring_dag.py
[2025-09-04T10:02:29.680+0000] {processor.py:830} INFO - Processing file /opt/airflow/dags/quantum_realtime_monitoring_dag.py for tasks to queue
[2025-09-04T10:02:29.680+0000] {logging_mixin.py:188} INFO - [2025-09-04T10:02:29.680+0000] {dagbag.py:540} INFO - Filling up the DagBag from /opt/airflow/dags/quantum_realtime_monitoring_dag.py
[2025-09-04T10:02:29.692+0000] {processor.py:840} INFO - DAG(s) 'quantum_realtime_monitoring' retrieved from /opt/airflow/dags/quantum_realtime_monitoring_dag.py
[2025-09-04T10:02:29.713+0000] {logging_mixin.py:188} INFO - [2025-09-04T10:02:29.713+0000] {dag.py:3047} INFO - Sync 1 DAGs
[2025-09-04T10:02:29.726+0000] {logging_mixin.py:188} INFO - [2025-09-04T10:02:29.726+0000] {dag.py:3834} INFO - Setting next_dagrun for quantum_realtime_monitoring to 2025-09-04 09:30:00+00:00, run_after=2025-09-04 10:00:00+00:00
[2025-09-04T10:02:29.737+0000] {processor.py:183} INFO - Processing /opt/airflow/dags/quantum_realtime_monitoring_dag.py took 0.061 seconds
[2025-09-04T10:02:59.950+0000] {processor.py:161} INFO - Started process (PID=482) to work on /opt/airflow/dags/quantum_realtime_monitoring_dag.py
[2025-09-04T10:02:59.951+0000] {processor.py:830} INFO - Processing file /opt/airflow/dags/quantum_realtime_monitoring_dag.py for tasks to queue
[2025-09-04T10:02:59.951+0000] {logging_mixin.py:188} INFO - [2025-09-04T10:02:59.951+0000] {dagbag.py:540} INFO - Filling up the DagBag from /opt/airflow/dags/quantum_realtime_monitoring_dag.py
[2025-09-04T10:02:59.958+0000] {processor.py:840} INFO - DAG(s) 'quantum_realtime_monitoring' retrieved from /opt/airflow/dags/quantum_realtime_monitoring_dag.py
[2025-09-04T10:02:59.974+0000] {logging_mixin.py:188} INFO - [2025-09-04T10:02:59.974+0000] {dag.py:3047} INFO - Sync 1 DAGs
[2025-09-04T10:02:59.988+0000] {logging_mixin.py:188} INFO - [2025-09-04T10:02:59.988+0000] {dag.py:3834} INFO - Setting next_dagrun for quantum_realtime_monitoring to 2025-09-04 09:30:00+00:00, run_after=2025-09-04 10:00:00+00:00
[2025-09-04T10:02:59.998+0000] {processor.py:183} INFO - Processing /opt/airflow/dags/quantum_realtime_monitoring_dag.py took 0.050 seconds
[2025-09-04T10:03:30.222+0000] {processor.py:161} INFO - Started process (PID=500) to work on /opt/airflow/dags/quantum_realtime_monitoring_dag.py
[2025-09-04T10:03:30.223+0000] {processor.py:830} INFO - Processing file /opt/airflow/dags/quantum_realtime_monitoring_dag.py for tasks to queue
[2025-09-04T10:03:30.224+0000] {logging_mixin.py:188} INFO - [2025-09-04T10:03:30.223+0000] {dagbag.py:540} INFO - Filling up the DagBag from /opt/airflow/dags/quantum_realtime_monitoring_dag.py
[2025-09-04T10:03:30.231+0000] {processor.py:840} INFO - DAG(s) 'quantum_realtime_monitoring' retrieved from /opt/airflow/dags/quantum_realtime_monitoring_dag.py
[2025-09-04T10:03:30.249+0000] {logging_mixin.py:188} INFO - [2025-09-04T10:03:30.249+0000] {dag.py:3047} INFO - Sync 1 DAGs
[2025-09-04T10:03:30.263+0000] {logging_mixin.py:188} INFO - [2025-09-04T10:03:30.263+0000] {dag.py:3834} INFO - Setting next_dagrun for quantum_realtime_monitoring to 2025-09-04 09:30:00+00:00, run_after=2025-09-04 10:00:00+00:00
[2025-09-04T10:03:30.273+0000] {processor.py:183} INFO - Processing /opt/airflow/dags/quantum_realtime_monitoring_dag.py took 0.053 seconds
[2025-09-04T10:04:00.507+0000] {processor.py:161} INFO - Started process (PID=518) to work on /opt/airflow/dags/quantum_realtime_monitoring_dag.py
[2025-09-04T10:04:00.508+0000] {processor.py:830} INFO - Processing file /opt/airflow/dags/quantum_realtime_monitoring_dag.py for tasks to queue
[2025-09-04T10:04:00.509+0000] {logging_mixin.py:188} INFO - [2025-09-04T10:04:00.509+0000] {dagbag.py:540} INFO - Filling up the DagBag from /opt/airflow/dags/quantum_realtime_monitoring_dag.py
[2025-09-04T10:04:00.525+0000] {processor.py:840} INFO - DAG(s) 'quantum_realtime_monitoring' retrieved from /opt/airflow/dags/quantum_realtime_monitoring_dag.py
[2025-09-04T10:04:00.554+0000] {logging_mixin.py:188} INFO - [2025-09-04T10:04:00.553+0000] {dag.py:3047} INFO - Sync 1 DAGs
[2025-09-04T10:04:00.573+0000] {logging_mixin.py:188} INFO - [2025-09-04T10:04:00.573+0000] {dag.py:3834} INFO - Setting next_dagrun for quantum_realtime_monitoring to 2025-09-04 09:30:00+00:00, run_after=2025-09-04 10:00:00+00:00
[2025-09-04T10:04:00.587+0000] {processor.py:183} INFO - Processing /opt/airflow/dags/quantum_realtime_monitoring_dag.py took 0.084 seconds
[2025-09-04T10:04:30.817+0000] {processor.py:161} INFO - Started process (PID=536) to work on /opt/airflow/dags/quantum_realtime_monitoring_dag.py
[2025-09-04T10:04:30.817+0000] {processor.py:830} INFO - Processing file /opt/airflow/dags/quantum_realtime_monitoring_dag.py for tasks to queue
[2025-09-04T10:04:30.818+0000] {logging_mixin.py:188} INFO - [2025-09-04T10:04:30.818+0000] {dagbag.py:540} INFO - Filling up the DagBag from /opt/airflow/dags/quantum_realtime_monitoring_dag.py
[2025-09-04T10:04:30.827+0000] {processor.py:840} INFO - DAG(s) 'quantum_realtime_monitoring' retrieved from /opt/airflow/dags/quantum_realtime_monitoring_dag.py
[2025-09-04T10:04:30.854+0000] {logging_mixin.py:188} INFO - [2025-09-04T10:04:30.854+0000] {dag.py:3047} INFO - Sync 1 DAGs
[2025-09-04T10:04:30.872+0000] {logging_mixin.py:188} INFO - [2025-09-04T10:04:30.872+0000] {dag.py:3834} INFO - Setting next_dagrun for quantum_realtime_monitoring to 2025-09-04 09:30:00+00:00, run_after=2025-09-04 10:00:00+00:00
[2025-09-04T10:04:30.887+0000] {processor.py:183} INFO - Processing /opt/airflow/dags/quantum_realtime_monitoring_dag.py took 0.073 seconds
[2025-09-04T10:05:01.098+0000] {processor.py:161} INFO - Started process (PID=554) to work on /opt/airflow/dags/quantum_realtime_monitoring_dag.py
[2025-09-04T10:05:01.099+0000] {processor.py:830} INFO - Processing file /opt/airflow/dags/quantum_realtime_monitoring_dag.py for tasks to queue
[2025-09-04T10:05:01.100+0000] {logging_mixin.py:188} INFO - [2025-09-04T10:05:01.099+0000] {dagbag.py:540} INFO - Filling up the DagBag from /opt/airflow/dags/quantum_realtime_monitoring_dag.py
[2025-09-04T10:05:01.109+0000] {processor.py:840} INFO - DAG(s) 'quantum_realtime_monitoring' retrieved from /opt/airflow/dags/quantum_realtime_monitoring_dag.py
[2025-09-04T10:05:01.130+0000] {logging_mixin.py:188} INFO - [2025-09-04T10:05:01.130+0000] {dag.py:3047} INFO - Sync 1 DAGs
[2025-09-04T10:05:01.145+0000] {logging_mixin.py:188} INFO - [2025-09-04T10:05:01.145+0000] {dag.py:3834} INFO - Setting next_dagrun for quantum_realtime_monitoring to 2025-09-04 09:30:00+00:00, run_after=2025-09-04 10:00:00+00:00
[2025-09-04T10:05:01.157+0000] {processor.py:183} INFO - Processing /opt/airflow/dags/quantum_realtime_monitoring_dag.py took 0.063 seconds
