[2025-09-04T09:53:21.419+0000] {processor.py:161} INFO - Started process (PID=178) to work on /opt/airflow/dags/quantum_stock_analysis_dag.py
[2025-09-04T09:53:21.421+0000] {processor.py:830} INFO - Processing file /opt/airflow/dags/quantum_stock_analysis_dag.py for tasks to queue
[2025-09-04T09:53:21.422+0000] {logging_mixin.py:188} INFO - [2025-09-04T09:53:21.422+0000] {dagbag.py:540} INFO - Filling up the DagBag from /opt/airflow/dags/quantum_stock_analysis_dag.py
[2025-09-04T09:53:21.442+0000] {logging_mixin.py:188} INFO - [2025-09-04T09:53:21.437+0000] {dagbag.py:350} ERROR - Failed to import: /opt/airflow/dags/quantum_stock_analysis_dag.py
Traceback (most recent call last):
  File "/home/airflow/.local/lib/python3.8/site-packages/airflow/models/dagbag.py", line 346, in parse
    loader.exec_module(new_module)
  File "<frozen importlib._bootstrap_external>", line 843, in exec_module
  File "<frozen importlib._bootstrap>", line 219, in _call_with_frames_removed
  File "/opt/airflow/dags/quantum_stock_analysis_dag.py", line 13, in <module>
    from airflow.operators.http import SimpleHttpOperator
ModuleNotFoundError: No module named 'airflow.operators.http'
[2025-09-04T09:53:21.444+0000] {processor.py:842} WARNING - No viable dags retrieved from /opt/airflow/dags/quantum_stock_analysis_dag.py
[2025-09-04T09:53:21.482+0000] {processor.py:183} INFO - Processing /opt/airflow/dags/quantum_stock_analysis_dag.py took 0.066 seconds
[2025-09-04T09:53:41.694+0000] {processor.py:161} INFO - Started process (PID=196) to work on /opt/airflow/dags/quantum_stock_analysis_dag.py
[2025-09-04T09:53:41.696+0000] {processor.py:830} INFO - Processing file /opt/airflow/dags/quantum_stock_analysis_dag.py for tasks to queue
[2025-09-04T09:53:41.698+0000] {logging_mixin.py:188} INFO - [2025-09-04T09:53:41.697+0000] {dagbag.py:540} INFO - Filling up the DagBag from /opt/airflow/dags/quantum_stock_analysis_dag.py
[2025-09-04T09:53:41.737+0000] {processor.py:840} INFO - DAG(s) 'quantum_daily_stock_analysis' retrieved from /opt/airflow/dags/quantum_stock_analysis_dag.py
[2025-09-04T09:53:41.899+0000] {logging_mixin.py:188} INFO - [2025-09-04T09:53:41.899+0000] {override.py:1769} INFO - Created Permission View: can edit on DAG:quantum_daily_stock_analysis
[2025-09-04T09:53:41.907+0000] {logging_mixin.py:188} INFO - [2025-09-04T09:53:41.906+0000] {override.py:1769} INFO - Created Permission View: can delete on DAG:quantum_daily_stock_analysis
[2025-09-04T09:53:41.910+0000] {logging_mixin.py:188} INFO - [2025-09-04T09:53:41.910+0000] {override.py:1769} INFO - Created Permission View: can read on DAG:quantum_daily_stock_analysis
[2025-09-04T09:53:41.910+0000] {logging_mixin.py:188} INFO - [2025-09-04T09:53:41.910+0000] {dag.py:3047} INFO - Sync 1 DAGs
[2025-09-04T09:53:41.919+0000] {logging_mixin.py:188} INFO - [2025-09-04T09:53:41.918+0000] {dag.py:3069} INFO - Creating ORM DAG for quantum_daily_stock_analysis
[2025-09-04T09:53:41.928+0000] {logging_mixin.py:188} INFO - [2025-09-04T09:53:41.927+0000] {dag.py:3834} INFO - Setting next_dagrun for quantum_daily_stock_analysis to 2025-09-04 06:30:00+00:00, run_after=2025-09-05 06:30:00+00:00
[2025-09-04T09:53:41.942+0000] {processor.py:183} INFO - Processing /opt/airflow/dags/quantum_stock_analysis_dag.py took 0.255 seconds
[2025-09-04T09:54:11.993+0000] {processor.py:161} INFO - Started process (PID=219) to work on /opt/airflow/dags/quantum_stock_analysis_dag.py
[2025-09-04T09:54:11.995+0000] {processor.py:830} INFO - Processing file /opt/airflow/dags/quantum_stock_analysis_dag.py for tasks to queue
[2025-09-04T09:54:11.996+0000] {logging_mixin.py:188} INFO - [2025-09-04T09:54:11.996+0000] {dagbag.py:540} INFO - Filling up the DagBag from /opt/airflow/dags/quantum_stock_analysis_dag.py
[2025-09-04T09:54:12.012+0000] {processor.py:840} INFO - DAG(s) 'quantum_daily_stock_analysis' retrieved from /opt/airflow/dags/quantum_stock_analysis_dag.py
[2025-09-04T09:54:12.042+0000] {logging_mixin.py:188} INFO - [2025-09-04T09:54:12.041+0000] {dag.py:3047} INFO - Sync 1 DAGs
[2025-09-04T09:54:12.062+0000] {logging_mixin.py:188} INFO - [2025-09-04T09:54:12.062+0000] {dag.py:3834} INFO - Setting next_dagrun for quantum_daily_stock_analysis to 2025-09-04 06:30:00+00:00, run_after=2025-09-05 06:30:00+00:00
[2025-09-04T09:54:12.078+0000] {processor.py:183} INFO - Processing /opt/airflow/dags/quantum_stock_analysis_dag.py took 0.089 seconds
[2025-09-04T09:54:24.525+0000] {processor.py:161} INFO - Started process (PID=172) to work on /opt/airflow/dags/quantum_stock_analysis_dag.py
[2025-09-04T09:54:24.526+0000] {processor.py:830} INFO - Processing file /opt/airflow/dags/quantum_stock_analysis_dag.py for tasks to queue
[2025-09-04T09:54:24.530+0000] {logging_mixin.py:188} INFO - [2025-09-04T09:54:24.529+0000] {dagbag.py:540} INFO - Filling up the DagBag from /opt/airflow/dags/quantum_stock_analysis_dag.py
[2025-09-04T09:54:24.538+0000] {processor.py:840} INFO - DAG(s) 'quantum_daily_stock_analysis' retrieved from /opt/airflow/dags/quantum_stock_analysis_dag.py
[2025-09-04T09:54:24.564+0000] {logging_mixin.py:188} INFO - [2025-09-04T09:54:24.564+0000] {dag.py:3047} INFO - Sync 1 DAGs
[2025-09-04T09:54:24.579+0000] {logging_mixin.py:188} INFO - [2025-09-04T09:54:24.579+0000] {dag.py:3834} INFO - Setting next_dagrun for quantum_daily_stock_analysis to 2025-09-04 06:30:00+00:00, run_after=2025-09-05 06:30:00+00:00
[2025-09-04T09:54:24.591+0000] {processor.py:183} INFO - Processing /opt/airflow/dags/quantum_stock_analysis_dag.py took 0.069 seconds
[2025-09-04T09:54:54.742+0000] {processor.py:161} INFO - Started process (PID=190) to work on /opt/airflow/dags/quantum_stock_analysis_dag.py
[2025-09-04T09:54:54.743+0000] {processor.py:830} INFO - Processing file /opt/airflow/dags/quantum_stock_analysis_dag.py for tasks to queue
[2025-09-04T09:54:54.744+0000] {logging_mixin.py:188} INFO - [2025-09-04T09:54:54.743+0000] {dagbag.py:540} INFO - Filling up the DagBag from /opt/airflow/dags/quantum_stock_analysis_dag.py
[2025-09-04T09:54:54.754+0000] {processor.py:840} INFO - DAG(s) 'quantum_daily_stock_analysis' retrieved from /opt/airflow/dags/quantum_stock_analysis_dag.py
[2025-09-04T09:54:54.778+0000] {logging_mixin.py:188} INFO - [2025-09-04T09:54:54.778+0000] {dag.py:3047} INFO - Sync 1 DAGs
[2025-09-04T09:54:54.793+0000] {logging_mixin.py:188} INFO - [2025-09-04T09:54:54.793+0000] {dag.py:3834} INFO - Setting next_dagrun for quantum_daily_stock_analysis to 2025-09-04 06:30:00+00:00, run_after=2025-09-05 06:30:00+00:00
[2025-09-04T09:54:54.809+0000] {processor.py:183} INFO - Processing /opt/airflow/dags/quantum_stock_analysis_dag.py took 0.069 seconds
[2025-09-04T09:55:25.053+0000] {processor.py:161} INFO - Started process (PID=208) to work on /opt/airflow/dags/quantum_stock_analysis_dag.py
[2025-09-04T09:55:25.054+0000] {processor.py:830} INFO - Processing file /opt/airflow/dags/quantum_stock_analysis_dag.py for tasks to queue
[2025-09-04T09:55:25.056+0000] {logging_mixin.py:188} INFO - [2025-09-04T09:55:25.055+0000] {dagbag.py:540} INFO - Filling up the DagBag from /opt/airflow/dags/quantum_stock_analysis_dag.py
[2025-09-04T09:55:25.071+0000] {processor.py:840} INFO - DAG(s) 'quantum_daily_stock_analysis' retrieved from /opt/airflow/dags/quantum_stock_analysis_dag.py
[2025-09-04T09:55:25.106+0000] {logging_mixin.py:188} INFO - [2025-09-04T09:55:25.106+0000] {dag.py:3047} INFO - Sync 1 DAGs
[2025-09-04T09:55:25.148+0000] {processor.py:183} INFO - Processing /opt/airflow/dags/quantum_stock_analysis_dag.py took 0.098 seconds
[2025-09-04T09:55:55.333+0000] {processor.py:161} INFO - Started process (PID=226) to work on /opt/airflow/dags/quantum_stock_analysis_dag.py
[2025-09-04T09:55:55.337+0000] {processor.py:830} INFO - Processing file /opt/airflow/dags/quantum_stock_analysis_dag.py for tasks to queue
[2025-09-04T09:55:55.339+0000] {logging_mixin.py:188} INFO - [2025-09-04T09:55:55.339+0000] {dagbag.py:540} INFO - Filling up the DagBag from /opt/airflow/dags/quantum_stock_analysis_dag.py
[2025-09-04T09:55:55.349+0000] {processor.py:840} INFO - DAG(s) 'quantum_daily_stock_analysis' retrieved from /opt/airflow/dags/quantum_stock_analysis_dag.py
[2025-09-04T09:55:55.374+0000] {logging_mixin.py:188} INFO - [2025-09-04T09:55:55.374+0000] {dag.py:3047} INFO - Sync 1 DAGs
[2025-09-04T09:55:55.403+0000] {processor.py:183} INFO - Processing /opt/airflow/dags/quantum_stock_analysis_dag.py took 0.074 seconds
[2025-09-04T09:56:25.706+0000] {processor.py:161} INFO - Started process (PID=244) to work on /opt/airflow/dags/quantum_stock_analysis_dag.py
[2025-09-04T09:56:25.707+0000] {processor.py:830} INFO - Processing file /opt/airflow/dags/quantum_stock_analysis_dag.py for tasks to queue
[2025-09-04T09:56:25.709+0000] {logging_mixin.py:188} INFO - [2025-09-04T09:56:25.708+0000] {dagbag.py:540} INFO - Filling up the DagBag from /opt/airflow/dags/quantum_stock_analysis_dag.py
[2025-09-04T09:56:25.719+0000] {processor.py:840} INFO - DAG(s) 'quantum_daily_stock_analysis' retrieved from /opt/airflow/dags/quantum_stock_analysis_dag.py
[2025-09-04T09:56:25.744+0000] {logging_mixin.py:188} INFO - [2025-09-04T09:56:25.744+0000] {dag.py:3047} INFO - Sync 1 DAGs
[2025-09-04T09:56:25.773+0000] {processor.py:183} INFO - Processing /opt/airflow/dags/quantum_stock_analysis_dag.py took 0.069 seconds
[2025-09-04T09:56:55.985+0000] {processor.py:161} INFO - Started process (PID=262) to work on /opt/airflow/dags/quantum_stock_analysis_dag.py
[2025-09-04T09:56:55.986+0000] {processor.py:830} INFO - Processing file /opt/airflow/dags/quantum_stock_analysis_dag.py for tasks to queue
[2025-09-04T09:56:55.988+0000] {logging_mixin.py:188} INFO - [2025-09-04T09:56:55.988+0000] {dagbag.py:540} INFO - Filling up the DagBag from /opt/airflow/dags/quantum_stock_analysis_dag.py
[2025-09-04T09:56:56.006+0000] {processor.py:840} INFO - DAG(s) 'quantum_daily_stock_analysis' retrieved from /opt/airflow/dags/quantum_stock_analysis_dag.py
[2025-09-04T09:56:56.029+0000] {logging_mixin.py:188} INFO - [2025-09-04T09:56:56.028+0000] {dag.py:3047} INFO - Sync 1 DAGs
[2025-09-04T09:56:56.062+0000] {processor.py:183} INFO - Processing /opt/airflow/dags/quantum_stock_analysis_dag.py took 0.080 seconds
[2025-09-04T09:57:26.412+0000] {processor.py:161} INFO - Started process (PID=280) to work on /opt/airflow/dags/quantum_stock_analysis_dag.py
[2025-09-04T09:57:26.414+0000] {processor.py:830} INFO - Processing file /opt/airflow/dags/quantum_stock_analysis_dag.py for tasks to queue
[2025-09-04T09:57:26.417+0000] {logging_mixin.py:188} INFO - [2025-09-04T09:57:26.416+0000] {dagbag.py:540} INFO - Filling up the DagBag from /opt/airflow/dags/quantum_stock_analysis_dag.py
[2025-09-04T09:57:26.437+0000] {processor.py:840} INFO - DAG(s) 'quantum_daily_stock_analysis' retrieved from /opt/airflow/dags/quantum_stock_analysis_dag.py
[2025-09-04T09:57:26.470+0000] {logging_mixin.py:188} INFO - [2025-09-04T09:57:26.470+0000] {dag.py:3047} INFO - Sync 1 DAGs
[2025-09-04T09:57:26.519+0000] {processor.py:183} INFO - Processing /opt/airflow/dags/quantum_stock_analysis_dag.py took 0.115 seconds
[2025-09-04T09:57:56.818+0000] {processor.py:161} INFO - Started process (PID=298) to work on /opt/airflow/dags/quantum_stock_analysis_dag.py
[2025-09-04T09:57:56.820+0000] {processor.py:830} INFO - Processing file /opt/airflow/dags/quantum_stock_analysis_dag.py for tasks to queue
[2025-09-04T09:57:56.822+0000] {logging_mixin.py:188} INFO - [2025-09-04T09:57:56.820+0000] {dagbag.py:540} INFO - Filling up the DagBag from /opt/airflow/dags/quantum_stock_analysis_dag.py
[2025-09-04T09:57:56.841+0000] {processor.py:840} INFO - DAG(s) 'quantum_daily_stock_analysis' retrieved from /opt/airflow/dags/quantum_stock_analysis_dag.py
[2025-09-04T09:57:56.887+0000] {logging_mixin.py:188} INFO - [2025-09-04T09:57:56.887+0000] {dag.py:3047} INFO - Sync 1 DAGs
[2025-09-04T09:57:56.932+0000] {processor.py:183} INFO - Processing /opt/airflow/dags/quantum_stock_analysis_dag.py took 0.121 seconds
[2025-09-04T09:58:27.104+0000] {processor.py:161} INFO - Started process (PID=316) to work on /opt/airflow/dags/quantum_stock_analysis_dag.py
[2025-09-04T09:58:27.105+0000] {processor.py:830} INFO - Processing file /opt/airflow/dags/quantum_stock_analysis_dag.py for tasks to queue
[2025-09-04T09:58:27.106+0000] {logging_mixin.py:188} INFO - [2025-09-04T09:58:27.106+0000] {dagbag.py:540} INFO - Filling up the DagBag from /opt/airflow/dags/quantum_stock_analysis_dag.py
[2025-09-04T09:58:27.124+0000] {processor.py:840} INFO - DAG(s) 'quantum_daily_stock_analysis' retrieved from /opt/airflow/dags/quantum_stock_analysis_dag.py
[2025-09-04T09:58:27.174+0000] {logging_mixin.py:188} INFO - [2025-09-04T09:58:27.173+0000] {dag.py:3047} INFO - Sync 1 DAGs
[2025-09-04T09:58:27.211+0000] {processor.py:183} INFO - Processing /opt/airflow/dags/quantum_stock_analysis_dag.py took 0.111 seconds
[2025-09-04T09:58:57.482+0000] {processor.py:161} INFO - Started process (PID=334) to work on /opt/airflow/dags/quantum_stock_analysis_dag.py
[2025-09-04T09:58:57.483+0000] {processor.py:830} INFO - Processing file /opt/airflow/dags/quantum_stock_analysis_dag.py for tasks to queue
[2025-09-04T09:58:57.485+0000] {logging_mixin.py:188} INFO - [2025-09-04T09:58:57.484+0000] {dagbag.py:540} INFO - Filling up the DagBag from /opt/airflow/dags/quantum_stock_analysis_dag.py
[2025-09-04T09:58:57.509+0000] {processor.py:840} INFO - DAG(s) 'quantum_daily_stock_analysis' retrieved from /opt/airflow/dags/quantum_stock_analysis_dag.py
[2025-09-04T09:58:57.560+0000] {logging_mixin.py:188} INFO - [2025-09-04T09:58:57.560+0000] {dag.py:3047} INFO - Sync 1 DAGs
[2025-09-04T09:58:57.597+0000] {processor.py:183} INFO - Processing /opt/airflow/dags/quantum_stock_analysis_dag.py took 0.121 seconds
[2025-09-04T09:59:14.748+0000] {processor.py:161} INFO - Started process (PID=349) to work on /opt/airflow/dags/quantum_stock_analysis_dag.py
[2025-09-04T09:59:14.748+0000] {processor.py:830} INFO - Processing file /opt/airflow/dags/quantum_stock_analysis_dag.py for tasks to queue
[2025-09-04T09:59:14.749+0000] {logging_mixin.py:188} INFO - [2025-09-04T09:59:14.749+0000] {dagbag.py:540} INFO - Filling up the DagBag from /opt/airflow/dags/quantum_stock_analysis_dag.py
[2025-09-04T09:59:14.758+0000] {processor.py:840} INFO - DAG(s) 'quantum_daily_stock_analysis' retrieved from /opt/airflow/dags/quantum_stock_analysis_dag.py
[2025-09-04T09:59:14.777+0000] {logging_mixin.py:188} INFO - [2025-09-04T09:59:14.777+0000] {dag.py:3047} INFO - Sync 1 DAGs
[2025-09-04T09:59:14.804+0000] {processor.py:183} INFO - Processing /opt/airflow/dags/quantum_stock_analysis_dag.py took 0.059 seconds
[2025-09-04T09:59:45.066+0000] {processor.py:161} INFO - Started process (PID=367) to work on /opt/airflow/dags/quantum_stock_analysis_dag.py
[2025-09-04T09:59:45.074+0000] {processor.py:830} INFO - Processing file /opt/airflow/dags/quantum_stock_analysis_dag.py for tasks to queue
[2025-09-04T09:59:45.078+0000] {logging_mixin.py:188} INFO - [2025-09-04T09:59:45.077+0000] {dagbag.py:540} INFO - Filling up the DagBag from /opt/airflow/dags/quantum_stock_analysis_dag.py
[2025-09-04T09:59:45.093+0000] {processor.py:840} INFO - DAG(s) 'quantum_daily_stock_analysis' retrieved from /opt/airflow/dags/quantum_stock_analysis_dag.py
[2025-09-04T09:59:45.125+0000] {logging_mixin.py:188} INFO - [2025-09-04T09:59:45.125+0000] {dag.py:3047} INFO - Sync 1 DAGs
[2025-09-04T09:59:45.157+0000] {processor.py:183} INFO - Processing /opt/airflow/dags/quantum_stock_analysis_dag.py took 0.105 seconds
[2025-09-04T10:00:15.373+0000] {processor.py:161} INFO - Started process (PID=387) to work on /opt/airflow/dags/quantum_stock_analysis_dag.py
[2025-09-04T10:00:15.374+0000] {processor.py:830} INFO - Processing file /opt/airflow/dags/quantum_stock_analysis_dag.py for tasks to queue
[2025-09-04T10:00:15.375+0000] {logging_mixin.py:188} INFO - [2025-09-04T10:00:15.375+0000] {dagbag.py:540} INFO - Filling up the DagBag from /opt/airflow/dags/quantum_stock_analysis_dag.py
[2025-09-04T10:00:15.384+0000] {processor.py:840} INFO - DAG(s) 'quantum_daily_stock_analysis' retrieved from /opt/airflow/dags/quantum_stock_analysis_dag.py
[2025-09-04T10:00:15.404+0000] {logging_mixin.py:188} INFO - [2025-09-04T10:00:15.404+0000] {dag.py:3047} INFO - Sync 1 DAGs
[2025-09-04T10:00:15.428+0000] {processor.py:183} INFO - Processing /opt/airflow/dags/quantum_stock_analysis_dag.py took 0.058 seconds
[2025-09-04T10:00:45.669+0000] {processor.py:161} INFO - Started process (PID=405) to work on /opt/airflow/dags/quantum_stock_analysis_dag.py
[2025-09-04T10:00:45.670+0000] {processor.py:830} INFO - Processing file /opt/airflow/dags/quantum_stock_analysis_dag.py for tasks to queue
[2025-09-04T10:00:45.671+0000] {logging_mixin.py:188} INFO - [2025-09-04T10:00:45.671+0000] {dagbag.py:540} INFO - Filling up the DagBag from /opt/airflow/dags/quantum_stock_analysis_dag.py
[2025-09-04T10:00:45.680+0000] {processor.py:840} INFO - DAG(s) 'quantum_daily_stock_analysis' retrieved from /opt/airflow/dags/quantum_stock_analysis_dag.py
[2025-09-04T10:00:45.699+0000] {logging_mixin.py:188} INFO - [2025-09-04T10:00:45.699+0000] {dag.py:3047} INFO - Sync 1 DAGs
[2025-09-04T10:00:45.726+0000] {processor.py:183} INFO - Processing /opt/airflow/dags/quantum_stock_analysis_dag.py took 0.059 seconds
[2025-09-04T10:01:15.963+0000] {processor.py:161} INFO - Started process (PID=423) to work on /opt/airflow/dags/quantum_stock_analysis_dag.py
[2025-09-04T10:01:15.964+0000] {processor.py:830} INFO - Processing file /opt/airflow/dags/quantum_stock_analysis_dag.py for tasks to queue
[2025-09-04T10:01:15.964+0000] {logging_mixin.py:188} INFO - [2025-09-04T10:01:15.964+0000] {dagbag.py:540} INFO - Filling up the DagBag from /opt/airflow/dags/quantum_stock_analysis_dag.py
[2025-09-04T10:01:15.971+0000] {processor.py:840} INFO - DAG(s) 'quantum_daily_stock_analysis' retrieved from /opt/airflow/dags/quantum_stock_analysis_dag.py
[2025-09-04T10:01:15.989+0000] {logging_mixin.py:188} INFO - [2025-09-04T10:01:15.989+0000] {dag.py:3047} INFO - Sync 1 DAGs
[2025-09-04T10:01:16.011+0000] {processor.py:183} INFO - Processing /opt/airflow/dags/quantum_stock_analysis_dag.py took 0.050 seconds
[2025-09-04T10:01:46.237+0000] {processor.py:161} INFO - Started process (PID=441) to work on /opt/airflow/dags/quantum_stock_analysis_dag.py
[2025-09-04T10:01:46.238+0000] {processor.py:830} INFO - Processing file /opt/airflow/dags/quantum_stock_analysis_dag.py for tasks to queue
[2025-09-04T10:01:46.239+0000] {logging_mixin.py:188} INFO - [2025-09-04T10:01:46.239+0000] {dagbag.py:540} INFO - Filling up the DagBag from /opt/airflow/dags/quantum_stock_analysis_dag.py
[2025-09-04T10:01:46.250+0000] {processor.py:840} INFO - DAG(s) 'quantum_daily_stock_analysis' retrieved from /opt/airflow/dags/quantum_stock_analysis_dag.py
[2025-09-04T10:01:46.276+0000] {logging_mixin.py:188} INFO - [2025-09-04T10:01:46.275+0000] {dag.py:3047} INFO - Sync 1 DAGs
[2025-09-04T10:01:46.300+0000] {processor.py:183} INFO - Processing /opt/airflow/dags/quantum_stock_analysis_dag.py took 0.066 seconds
[2025-09-04T10:02:16.504+0000] {processor.py:161} INFO - Started process (PID=459) to work on /opt/airflow/dags/quantum_stock_analysis_dag.py
[2025-09-04T10:02:16.504+0000] {processor.py:830} INFO - Processing file /opt/airflow/dags/quantum_stock_analysis_dag.py for tasks to queue
[2025-09-04T10:02:16.505+0000] {logging_mixin.py:188} INFO - [2025-09-04T10:02:16.505+0000] {dagbag.py:540} INFO - Filling up the DagBag from /opt/airflow/dags/quantum_stock_analysis_dag.py
[2025-09-04T10:02:16.513+0000] {processor.py:840} INFO - DAG(s) 'quantum_daily_stock_analysis' retrieved from /opt/airflow/dags/quantum_stock_analysis_dag.py
[2025-09-04T10:02:16.532+0000] {logging_mixin.py:188} INFO - [2025-09-04T10:02:16.532+0000] {dag.py:3047} INFO - Sync 1 DAGs
[2025-09-04T10:02:16.576+0000] {processor.py:183} INFO - Processing /opt/airflow/dags/quantum_stock_analysis_dag.py took 0.075 seconds
[2025-09-04T10:02:46.821+0000] {processor.py:161} INFO - Started process (PID=469) to work on /opt/airflow/dags/quantum_stock_analysis_dag.py
[2025-09-04T10:02:46.822+0000] {processor.py:830} INFO - Processing file /opt/airflow/dags/quantum_stock_analysis_dag.py for tasks to queue
[2025-09-04T10:02:46.823+0000] {logging_mixin.py:188} INFO - [2025-09-04T10:02:46.823+0000] {dagbag.py:540} INFO - Filling up the DagBag from /opt/airflow/dags/quantum_stock_analysis_dag.py
[2025-09-04T10:02:46.831+0000] {processor.py:840} INFO - DAG(s) 'quantum_daily_stock_analysis' retrieved from /opt/airflow/dags/quantum_stock_analysis_dag.py
[2025-09-04T10:02:46.852+0000] {logging_mixin.py:188} INFO - [2025-09-04T10:02:46.852+0000] {dag.py:3047} INFO - Sync 1 DAGs
[2025-09-04T10:02:46.876+0000] {processor.py:183} INFO - Processing /opt/airflow/dags/quantum_stock_analysis_dag.py took 0.058 seconds
[2025-09-04T10:03:17.081+0000] {processor.py:161} INFO - Started process (PID=487) to work on /opt/airflow/dags/quantum_stock_analysis_dag.py
[2025-09-04T10:03:17.082+0000] {processor.py:830} INFO - Processing file /opt/airflow/dags/quantum_stock_analysis_dag.py for tasks to queue
[2025-09-04T10:03:17.082+0000] {logging_mixin.py:188} INFO - [2025-09-04T10:03:17.082+0000] {dagbag.py:540} INFO - Filling up the DagBag from /opt/airflow/dags/quantum_stock_analysis_dag.py
[2025-09-04T10:03:17.091+0000] {processor.py:840} INFO - DAG(s) 'quantum_daily_stock_analysis' retrieved from /opt/airflow/dags/quantum_stock_analysis_dag.py
[2025-09-04T10:03:17.111+0000] {logging_mixin.py:188} INFO - [2025-09-04T10:03:17.110+0000] {dag.py:3047} INFO - Sync 1 DAGs
[2025-09-04T10:03:17.134+0000] {processor.py:183} INFO - Processing /opt/airflow/dags/quantum_stock_analysis_dag.py took 0.055 seconds
[2025-09-04T10:03:47.362+0000] {processor.py:161} INFO - Started process (PID=505) to work on /opt/airflow/dags/quantum_stock_analysis_dag.py
[2025-09-04T10:03:47.363+0000] {processor.py:830} INFO - Processing file /opt/airflow/dags/quantum_stock_analysis_dag.py for tasks to queue
[2025-09-04T10:03:47.363+0000] {logging_mixin.py:188} INFO - [2025-09-04T10:03:47.363+0000] {dagbag.py:540} INFO - Filling up the DagBag from /opt/airflow/dags/quantum_stock_analysis_dag.py
[2025-09-04T10:03:47.371+0000] {processor.py:840} INFO - DAG(s) 'quantum_daily_stock_analysis' retrieved from /opt/airflow/dags/quantum_stock_analysis_dag.py
[2025-09-04T10:03:47.390+0000] {logging_mixin.py:188} INFO - [2025-09-04T10:03:47.389+0000] {dag.py:3047} INFO - Sync 1 DAGs
[2025-09-04T10:03:47.412+0000] {processor.py:183} INFO - Processing /opt/airflow/dags/quantum_stock_analysis_dag.py took 0.052 seconds
[2025-09-04T10:04:17.661+0000] {processor.py:161} INFO - Started process (PID=523) to work on /opt/airflow/dags/quantum_stock_analysis_dag.py
[2025-09-04T10:04:17.662+0000] {processor.py:830} INFO - Processing file /opt/airflow/dags/quantum_stock_analysis_dag.py for tasks to queue
[2025-09-04T10:04:17.663+0000] {logging_mixin.py:188} INFO - [2025-09-04T10:04:17.662+0000] {dagbag.py:540} INFO - Filling up the DagBag from /opt/airflow/dags/quantum_stock_analysis_dag.py
[2025-09-04T10:04:17.671+0000] {processor.py:840} INFO - DAG(s) 'quantum_daily_stock_analysis' retrieved from /opt/airflow/dags/quantum_stock_analysis_dag.py
[2025-09-04T10:04:17.691+0000] {logging_mixin.py:188} INFO - [2025-09-04T10:04:17.691+0000] {dag.py:3047} INFO - Sync 1 DAGs
[2025-09-04T10:04:17.717+0000] {processor.py:183} INFO - Processing /opt/airflow/dags/quantum_stock_analysis_dag.py took 0.059 seconds
[2025-09-04T10:04:47.942+0000] {processor.py:161} INFO - Started process (PID=541) to work on /opt/airflow/dags/quantum_stock_analysis_dag.py
[2025-09-04T10:04:47.942+0000] {processor.py:830} INFO - Processing file /opt/airflow/dags/quantum_stock_analysis_dag.py for tasks to queue
[2025-09-04T10:04:47.943+0000] {logging_mixin.py:188} INFO - [2025-09-04T10:04:47.943+0000] {dagbag.py:540} INFO - Filling up the DagBag from /opt/airflow/dags/quantum_stock_analysis_dag.py
[2025-09-04T10:04:47.952+0000] {processor.py:840} INFO - DAG(s) 'quantum_daily_stock_analysis' retrieved from /opt/airflow/dags/quantum_stock_analysis_dag.py
[2025-09-04T10:04:47.974+0000] {logging_mixin.py:188} INFO - [2025-09-04T10:04:47.973+0000] {dag.py:3047} INFO - Sync 1 DAGs
[2025-09-04T10:04:47.999+0000] {processor.py:183} INFO - Processing /opt/airflow/dags/quantum_stock_analysis_dag.py took 0.061 seconds
